[2021-02-24 17:40:17,925][MainThread:4580036032][task_id:django.utils.autoreload][autoreload.py:617][INFO][Watching for file changes with StatReloader]
[2021-02-24 17:43:47,925][Thread-3:123145572966400][task_id:django.request][log.py:230][WARNING][Not Found: /favicon.ico]
[2021-02-24 17:50:36,447][Thread-5:123145562456064][task_id:request][controller.py:41][INFO][download 抖音 <== https://www.iesdouyin.com/share/video/6930908904259964167/.]
[2021-02-24 17:50:37,410][Thread-5:123145562456064][task_id:django.request][log.py:230][ERROR][Internal Server Error: /video/download]
[2021-02-24 17:50:47,604][Thread-5:123145562456064][task_id:request][controller.py:41][INFO][download 抖音 <== https://v.douyin.com/Jow88ox/.]
[2021-02-24 17:50:52,523][Thread-5:123145562456064][task_id:tools.store][store.py:39][INFO][(0, 'error: /Users/MichaelYuan/PycharmProjects/stealer/video/-q file not exist!', '')]
[2021-02-24 17:53:17,510][Thread-5:123145562456064][task_id:request][controller.py:24][INFO][fetch 抖音 <== https://v.douyin.com/Jow88ox/.]
[2021-03-02 20:06:16,323][MainThread:4565990848][task_id:django.utils.autoreload][autoreload.py:617][INFO][Watching for file changes with StatReloader]
[2021-03-03 00:08:13,973][Thread-3:123145459277824][task_id:django.request][log.py:230][WARNING][Not Found: /video-parse]
[2021-03-03 00:08:13,969][Thread-4:123145464532992][task_id:django.request][log.py:230][WARNING][Not Found: /auth/login]
[2021-03-03 00:13:21,379][Thread-5:123145469788160][task_id:django.security.csrf][log.py:230][WARNING][Forbidden (CSRF cookie not set.): /]
[2021-03-03 00:13:22,842][Thread-5:123145469788160][task_id:django.security.csrf][log.py:230][WARNING][Forbidden (CSRF cookie not set.): /]
[2021-03-06 21:25:13,145][Thread-12:123145459277824][task_id:django.request][log.py:230][WARNING][Not Found: /video]
[2021-03-06 21:28:47,117][Thread-12:123145459277824][task_id:django.request][log.py:230][WARNING][Not Found: /list]
[2021-03-06 21:28:56,228][Thread-12:123145459277824][task_id:django.request][log.py:230][WARNING][Not Found: /fetch]
[2021-03-06 23:46:57,259][MainThread:4592590272][task_id:django.utils.autoreload][autoreload.py:617][INFO][Watching for file changes with StatReloader]
[2021-03-10 17:58:14,431][Thread-5:123145509646336][task_id:django.request][log.py:230][WARNING][Not Found: /cal/]
[2021-03-14 22:03:11,604][MainThread:4482432448][task_id:django.utils.autoreload][autoreload.py:617][INFO][Watching for file changes with StatReloader]
[2021-03-14 22:11:57,607][Thread-5:123145443901440][task_id:django.request][log.py:230][WARNING][Not Found: /favicon.ico]
[2021-03-14 22:24:16,638][MainThread:4715224512][task_id:django.utils.autoreload][autoreload.py:617][INFO][Watching for file changes with StatReloader]
[2021-03-14 22:25:52,254][MainThread:4556803520][task_id:django.utils.autoreload][autoreload.py:617][INFO][Watching for file changes with StatReloader]
[2021-03-14 22:31:58,315][MainThread:4452466112][task_id:django.utils.autoreload][autoreload.py:617][INFO][Watching for file changes with StatReloader]
[2021-03-14 22:32:30,873][MainThread:4493553088][task_id:django.utils.autoreload][autoreload.py:617][INFO][Watching for file changes with StatReloader]
[2021-03-14 22:32:35,670][MainThread:4728556992][task_id:django.utils.autoreload][autoreload.py:617][INFO][Watching for file changes with StatReloader]
[2021-03-14 22:34:13,078][MainThread:4502203840][task_id:django.utils.autoreload][autoreload.py:617][INFO][Watching for file changes with StatReloader]
[2021-03-14 22:56:39,484][MainThread:4797087168][task_id:django.utils.autoreload][autoreload.py:617][INFO][Watching for file changes with StatReloader]
[2021-03-14 22:56:49,870][MainThread:4603567552][task_id:django.utils.autoreload][autoreload.py:617][INFO][Watching for file changes with StatReloader]
[2021-03-14 22:57:10,310][Thread-3:123145410162688][task_id:django.request][log.py:230][WARNING][Not Found: /favicon.ico]
